opened convpng.ini

--- palette main_pal ---
building palette with [256] available indices ...
built palette with [256] indices.
palette quality : 98.30%
wrote palette image (main_pal)

--- all_gfx (C) ---
using defined palette main_pal ...
41:
 bomb : converted!
 strawberry : converted!
 watermelon : converted!
 pineapple : converted!
 apple : converted!
 red_apple : converted!
 pear : converted!
 grapes : converted!
 kiwi : converted!
 banana : converted!
 pomegranate : converted!
 coconut : converted!
 lemon : converted!
 lime : converted!
 orange : converted!
 watermelon_top : converted!
 watermelon_bottom : converted!
 strawberry_top : converted!
 strawberry_bottom : converted!
 pineapple_top : converted!
 pineapple_bottom : converted!
 pear_top : converted!
 pear_bottom : converted!
 apple_top : converted!
 apple_bottom : converted!
 red_apple_top : converted!
 red_apple_bottom : converted!
 grape_top : converted!
 grape_bottom : converted!
 kiwi_top : converted!
 kiwi_bottom : converted!
 banana_top : converted!
 banana_bottom : converted!
 coconut_top : converted!
 coconut_bottom : converted!
 lemon_top : converted!
 lemon_bottom : converted!
 lime_top : converted!
 lime_bottom : converted!
 orange_top : converted!
 orange_bottom : converted!

--- tiles_gfx (C) ---
using defined palette main_pal ...
1:
 wood : converted!
 wood_tile_0_compressed (6402 > 3606 bytes)
 wood_tile_1_compressed (6402 > 3959 bytes)
 wood_tile_2_compressed (6402 > 3787 bytes)
 wood_tile_3_compressed (6402 > 4420 bytes)
 wood_tile_4_compressed (6402 > 3400 bytes)
 wood_tile_5_compressed (6402 > 3903 bytes)
 wood_tile_6_compressed (6402 > 4037 bytes)
 wood_tile_7_compressed (6402 > 4191 bytes)
 wood_tile_8_compressed (6402 > 3257 bytes)
 wood_tile_9_compressed (6402 > 3520 bytes)
 wood_tile_10_compressed (6402 > 3538 bytes)
 wood_tile_11_compressed (6402 > 3496 bytes)

exporting appvar: wood_gfx.8xv
 wood

converted in 1 s

[warning] image quality might be too low.
please try grouping similar images, reducing image colors, 
or selecting a better palette if conversion is not ideal.

finished!
